<?xml version="1.0" encoding="UTF-8"?>
<testng-results ignored="0" total="1" passed="1" failed="0" skipped="0">
  <reporter-output>
  </reporter-output>
  <suite started-at="2022-02-17T13:52:21Z" name="Suite" finished-at="2022-02-17T13:52:25Z" duration-ms="4650">
    <groups>
    </groups>
    <test started-at="2022-02-17T13:52:21Z" name="Test" finished-at="2022-02-17T13:52:25Z" duration-ms="4650">
      <class name="com.restAssured.demo.restAssuredAllure.RestAllureTest">
        <test-method signature="verifyUser()[pri:0, instance:com.restAssured.demo.restAssuredAllure.RestAllureTest@51b1a8f6]" started-at="2022-02-17T13:52:21Z" name="verifyUser" description="GET Request Operation" finished-at="2022-02-17T13:52:25Z" duration-ms="4514" status="PASS">
          <reporter-output>
          </reporter-output>
        </test-method> <!-- verifyUser -->
      </class> <!-- com.restAssured.demo.restAssuredAllure.RestAllureTest -->
    </test> <!-- Test -->
  </suite> <!-- Suite -->
</testng-results>
