<?xml version="1.0" encoding="UTF-8"?>
<testng-results ignored="0" total="1" passed="1" failed="0" skipped="0">
  <reporter-output>
  </reporter-output>
  <suite started-at="2022-02-17T11:48:13Z" name="Default suite" finished-at="2022-02-17T11:48:22Z" duration-ms="8890">
    <groups>
    </groups>
    <test started-at="2022-02-17T11:48:13Z" name="Default test" finished-at="2022-02-17T11:48:22Z" duration-ms="8890">
      <class name="com.restAssured.demo.restAssuredAllure.RestAllureTest">
        <test-method signature="verifyUser()[pri:0, instance:com.restAssured.demo.restAssuredAllure.RestAllureTest@507d20bb]" started-at="2022-02-17T11:48:13Z" name="verifyUser" description="GET Request Operation" finished-at="2022-02-17T11:48:22Z" duration-ms="8525" status="PASS">
          <reporter-output>
          </reporter-output>
        </test-method> <!-- verifyUser -->
      </class> <!-- com.restAssured.demo.restAssuredAllure.RestAllureTest -->
    </test> <!-- Default test -->
  </suite> <!-- Default suite -->
</testng-results>
